<?xml version="1.0" encoding="UTF-8"?>
<!-- Generated by org.testng.reporters.JUnitReportReporter -->
<testsuite hostname="DESKTOP-5RBTB1C" name="Tests.BaiduLoginA" tests="1" failures="0" timestamp="5 Nov 2020 15:10:44 GMT" time="25.258" errors="0">
  <testcase name="methodB" time="25.258" classname="Tests.BaiduLoginA"/>
</testsuite> <!-- Tests.BaiduLoginA -->
